c:\users\qsdd_\desktop\加密日记\x64\debug\vc143.pdb
c:\users\qsdd_\desktop\加密日记\x64\debug\qrc_qtwidgetsapplication.obj
c:\users\qsdd_\desktop\加密日记\x64\debug\main.obj
c:\users\qsdd_\desktop\加密日记\x64\debug\qtwidgetsapplication.obj
c:\users\qsdd_\desktop\加密日记\x64\debug\moc_qtwidgetsapplication.obj
c:\users\qsdd_\desktop\加密日记\x64\debug\加密日记.exe
c:\users\qsdd_\desktop\加密日记\x64\debug\加密日记.ilk
c:\users\qsdd_\desktop\加密日记\x64\debug\加密日记.pdb
c:\users\qsdd_\desktop\加密日记\x64\debug\moc\moc_qtwidgetsapplication.cpp
c:\users\qsdd_\desktop\加密日记\x64\debug\resource.res
c:\users\qsdd_\desktop\加密日记\x64\debug\rcc\qrc_qtwidgetsapplication.cpp
c:\users\qsdd_\desktop\加密日记\x64\debug\uic\ui_qtwidgetsapplication.h
c:\users\qsdd_\desktop\加密日记\x64\debug\加密日记.tlog\cl.command.1.tlog
c:\users\qsdd_\desktop\加密日记\x64\debug\加密日记.tlog\cl.read.1.tlog
c:\users\qsdd_\desktop\加密日记\x64\debug\加密日记.tlog\cl.write.1.tlog
c:\users\qsdd_\desktop\加密日记\x64\debug\加密日记.tlog\link.command.1.tlog
c:\users\qsdd_\desktop\加密日记\x64\debug\加密日记.tlog\link.read.1.tlog
c:\users\qsdd_\desktop\加密日记\x64\debug\加密日记.tlog\link.write.1.tlog
c:\users\qsdd_\desktop\加密日记\x64\debug\加密日记.tlog\moc.read.1u.tlog
c:\users\qsdd_\desktop\加密日记\x64\debug\加密日记.tlog\moc.write.1u.tlog
c:\users\qsdd_\desktop\加密日记\x64\debug\加密日记.tlog\rc.command.1.tlog
c:\users\qsdd_\desktop\加密日记\x64\debug\加密日记.tlog\rc.read.1.tlog
c:\users\qsdd_\desktop\加密日记\x64\debug\加密日记.tlog\rc.write.1.tlog
c:\users\qsdd_\desktop\加密日记\x64\debug\加密日记.tlog\rcc.read.1u.tlog
c:\users\qsdd_\desktop\加密日记\x64\debug\加密日记.tlog\rcc.write.1u.tlog
c:\users\qsdd_\desktop\加密日记\x64\debug\加密日记.tlog\uic.read.1u.tlog
c:\users\qsdd_\desktop\加密日记\x64\debug\加密日记.tlog\uic.write.1u.tlog
c:\users\qsdd_\desktop\加密日记\x64\debug\加密日记.tlog\加密日记.write.1u.tlog
