c:\users\qsdd_\desktop\加密日记\x64\release\qrc_qtwidgetsapplication.obj
c:\users\qsdd_\desktop\加密日记\x64\release\main.obj
c:\users\qsdd_\desktop\加密日记\x64\release\qtwidgetsapplication.obj
c:\users\qsdd_\desktop\加密日记\x64\release\moc_qtwidgetsapplication.obj
c:\users\qsdd_\desktop\加密日记\x64\release\加密日记.exe
c:\users\qsdd_\desktop\加密日记\x64\release\moc\moc_qtwidgetsapplication.cpp
c:\users\qsdd_\desktop\加密日记\x64\release\resource.res
c:\users\qsdd_\desktop\加密日记\x64\release\rcc\qrc_qtwidgetsapplication.cpp
c:\users\qsdd_\desktop\加密日记\x64\release\uic\ui_qtwidgetsapplication.h
c:\users\qsdd_\desktop\加密日记\x64\release\加密日记.tlog\cl.command.1.tlog
c:\users\qsdd_\desktop\加密日记\x64\release\加密日记.tlog\cl.read.1.tlog
c:\users\qsdd_\desktop\加密日记\x64\release\加密日记.tlog\cl.write.1.tlog
c:\users\qsdd_\desktop\加密日记\x64\release\加密日记.tlog\link.command.1.tlog
c:\users\qsdd_\desktop\加密日记\x64\release\加密日记.tlog\link.read.1.tlog
c:\users\qsdd_\desktop\加密日记\x64\release\加密日记.tlog\link.write.1.tlog
c:\users\qsdd_\desktop\加密日记\x64\release\加密日记.tlog\moc.read.1u.tlog
c:\users\qsdd_\desktop\加密日记\x64\release\加密日记.tlog\moc.write.1u.tlog
c:\users\qsdd_\desktop\加密日记\x64\release\加密日记.tlog\rc.command.1.tlog
c:\users\qsdd_\desktop\加密日记\x64\release\加密日记.tlog\rc.read.1.tlog
c:\users\qsdd_\desktop\加密日记\x64\release\加密日记.tlog\rc.write.1.tlog
c:\users\qsdd_\desktop\加密日记\x64\release\加密日记.tlog\rcc.read.1u.tlog
c:\users\qsdd_\desktop\加密日记\x64\release\加密日记.tlog\rcc.write.1u.tlog
c:\users\qsdd_\desktop\加密日记\x64\release\加密日记.tlog\uic.read.1u.tlog
c:\users\qsdd_\desktop\加密日记\x64\release\加密日记.tlog\uic.write.1u.tlog
c:\users\qsdd_\desktop\加密日记\x64\release\加密日记.tlog\加密日记.write.1u.tlog
